Script executado em Tue Mar 11 11:34:31 -03 2025
Script executado em Thu Mar 13 08:38:55 -03 2025
Script executado em Mon Mar 17 08:54:36 -03 2025
Script executado em Mon Mar 17 17:41:38 -03 2025
Script executado em Mon Mar 17 17:41:58 -03 2025
Script executado em Mon Mar 17 17:42:12 -03 2025
Script executado em Mon Mar 17 17:42:49 -03 2025
Script executado em Mon Mar 17 17:46:51 -03 2025
Script executado em Wed Mar 19 18:15:18 -03 2025
Script executado em Thu Mar 20 14:44:16 -03 2025
Script executado em Fri Mar 21 18:12:25 -03 2025
Script executado em Mon Mar 24 17:22:07 -03 2025
Script executado em Mon Mar 24 17:39:16 -03 2025
Script executado em Tue Mar 25 16:59:22 -03 2025
Script executado em Mon Mar 31 18:36:55 -03 2025
Script executado em Tue Apr  1 18:19:47 -03 2025
Script executado em Wed Apr  2 20:45:23 -03 2025
Script executado em Thu Apr  3 15:21:36 -03 2025
Script executado em Fri Apr  4 16:03:18 -03 2025
Script executado em Mon Apr  7 16:22:16 -03 2025
Script executado em Mon Apr  7 16:30:16 -03 2025
